Build started 5/1/2014 5:10:32 PM.
     1>Project "C:\workspace\projects\98corel\ffmpeg_h264\H264Dec.vcxproj" on node 2 (build target(s)).
     1>InitializeBuildStatus:
         Touching ".\Debug\H264Dec.unsuccessfulbuild".
       ClCompile:
         C:\Program Files (x86)\Microsoft Visual Studio 10.0\VC\bin\CL.exe /c /ZI /nologo /W3 /WX- /Od /Oy- /D WIN32 /D _DEBUG /D _CONSOLE /D HAVE_AV_CONFIG_H /D _CRT_SECURE_NO_DEPRECATE /D _VC80_UPGRADE=0x0600 /D _MBCS /Gm /EHsc /RTC1 /MTd /GS /fp:precise /Zc:wchar_t /Zc:forScope /Fo".\Debug/" /Fd".\Debug/vc100.pdb" /FR".\Debug\\" /Gd /TC /analyze- /errorReport:prompt h264.c
         h264.c
     1>c:\workspace\projects\98corel\ffmpeg_h264\common.h(810): warning C4146: unary minus operator applied to unsigned type, result still unsigned
     1>c:\workspace\projects\98corel\ffmpeg_h264\golomb.h(125): warning C4146: unary minus operator applied to unsigned type, result still unsigned
     1>c:\workspace\projects\98corel\ffmpeg_h264\golomb.h(152): warning C4146: unary minus operator applied to unsigned type, result still unsigned
     1>c:\workspace\projects\98corel\ffmpeg_h264\h264.c(97): warning C4002: too many actual parameters for macro 'tprintf'
     1>c:\workspace\projects\98corel\ffmpeg_h264\h264.c(1322): warning C4013: 'decode_mb_cabac' undefined; assuming extern returning int
     1>c:\workspace\projects\98corel\ffmpeg_h264\h264.c(1348): warning C4002: too many actual parameters for macro 'tprintf'
     1>c:\workspace\projects\98corel\ffmpeg_h264\h264.c(1385): warning C4002: too many actual parameters for macro 'tprintf'
     1>c:\workspace\projects\98corel\ffmpeg_h264\h264.c(1924): warning C4013: 'avcodec_decode_video' undefined; assuming extern returning int
       ManifestResourceCompile:
         All outputs are up-to-date.
       Link:
         C:\Program Files (x86)\Microsoft Visual Studio 10.0\VC\bin\link.exe /ERRORREPORT:PROMPT /OUT:".\Debug/H264Dec.exe" /INCREMENTAL /NOLOGO kernel32.lib user32.lib gdi32.lib winspool.lib comdlg32.lib advapi32.lib shell32.lib ole32.lib oleaut32.lib uuid.lib odbc32.lib odbccp32.lib /MANIFEST /ManifestFile:".\Debug\H264Dec.exe.intermediate.manifest" /MANIFESTUAC:"level='asInvoker' uiAccess='false'" /DEBUG /PDB:".\Debug/H264Dec.pdb" /SUBSYSTEM:CONSOLE /TLBID:1 /DYNAMICBASE /NXCOMPAT /IMPLIB:".\Debug\H264Dec.lib" /MACHINE:X86 .\Debug\H264Dec.exe.embed.manifest.res
         .\Debug/allcodecs.obj
         .\Debug/cabac.obj
         .\Debug/cavlc.obj
         .\Debug/common.obj
         .\Debug/dsputil.obj
         .\Debug/error_resilience.obj
         .\Debug/fill_func.obj
         .\Debug/filter_mb.obj
         .\Debug/golomb.obj
         .\Debug/h264.obj
         .\Debug/imgconvert.obj
         .\Debug/mem.obj
         .\Debug/mpegvideo.obj
         .\Debug/parser.obj
         .\Debug/pred_mb.obj
         .\Debug/simple_idct.obj
         .\Debug/utils.obj
       Manifest:
         C:\Program Files (x86)\Microsoft SDKs\Windows\v7.0A\bin\mt.exe /nologo /verbose /out:".\Debug\H264Dec.exe.embed.manifest" /manifest .\Debug\H264Dec.exe.intermediate.manifest
         All outputs are up-to-date.
       LinkEmbedManifest:
         All outputs are up-to-date.
         H264Dec.vcxproj -> C:\workspace\projects\98corel\ffmpeg_h264\.\Debug\H264Dec.exe
       BscMake:
         C:\Program Files (x86)\Microsoft Visual Studio 10.0\VC\bin\bscmake.exe /nologo /o".\Debug/H264Dec.bsc" .\Debug\allcodecs.sbr .\Debug\cabac.sbr .\Debug\cavlc.sbr .\Debug\common.sbr .\Debug\dsputil.sbr .\Debug\error_resilience.sbr .\Debug\fill_func.sbr .\Debug\filter_mb.sbr .\Debug\golomb.sbr .\Debug\h264.sbr .\Debug\imgconvert.sbr .\Debug\mem.sbr .\Debug\mpegvideo.sbr .\Debug\parser.sbr .\Debug\pred_mb.sbr .\Debug\simple_idct.sbr .\Debug\utils.sbr
       FinalizeBuildStatus:
         Deleting file ".\Debug\H264Dec.unsuccessfulbuild".
         Touching ".\Debug\H264Dec.lastbuildstate".
     1>Done Building Project "C:\workspace\projects\98corel\ffmpeg_h264\H264Dec.vcxproj" (build target(s)).

Build succeeded.

Time Elapsed 00:00:01.13
